<?xml version="1.0" encoding="UTF-8"?><testsuite errors="0" failures="0" name="com.bestbuy.crudtests.CategoriesCURDTest" skipped="0" tests="4" time="3.58" timestamp="2023-02-28T13:33:56.620Z[Europe/London]"><testcase classname="com.bestbuy.crudtests.CategoriesCURDTest" name="Create a new Category"/><testcase classname="com.bestbuy.crudtests.CategoriesCURDTest" name="Verify if Category was created"/><testcase classname="com.bestbuy.crudtests.CategoriesCURDTest" name="Update the Category and verify the updated information"/><testcase classname="com.bestbuy.crudtests.CategoriesCURDTest" name="Delete product Data"/></testsuite>