<?xml version="1.0" encoding="UTF-8"?><testsuite errors="0" failures="0" name="com.bestbuy.crudtests.ProductsCRUDTest" skipped="0" tests="3" time="3.38" timestamp="2023-02-28T12:01:23.993Z[Europe/London]"><testcase classname="com.bestbuy.crudtests.ProductsCRUDTest" name="Create new product"/><testcase classname="com.bestbuy.crudtests.ProductsCRUDTest" name="Verify if product was created"/><testcase classname="com.bestbuy.crudtests.ProductsCRUDTest" name="Update the product and verify the updated information"/></testsuite>